<?xml version="1.0" encoding="UTF-8"?>
<!-- Generated by org.testng.reporters.JUnitReportReporter -->
<testsuite hostname="LAPTOP-522LDUNU" failures="0" tests="1" name="PostMethod.TestPost" time="2.605" errors="0" timestamp="05 Mar 2019 14:34:11 GMT" skipped="0">
  <testcase classname="PostMethod.TestPost" name="RegistrationSuccessful" time="2.605"/>
</testsuite> <!-- PostMethod.TestPost -->
