<?xml version="1.0" encoding="UTF-8"?>
<!-- Generated by org.testng.reporters.JUnitReportReporter -->
<testsuite hostname="LAPTOP-522LDUNU" failures="0" tests="1" name="GetMethod.TestGet" time="7.522" errors="0" timestamp="05 Mar 2019 14:00:29 GMT" skipped="0">
  <testcase classname="GetMethod.TestGet" name="GetWeatherDetails" time="7.522"/>
</testsuite> <!-- GetMethod.TestGet -->
